<?xml version="1.0" encoding="UTF-8"?>
<!-- Generated by org.testng.reporters.JUnitReportReporter -->
<testsuite skipped="0" hostname="suraj-PC" name="com.qa.test.RestAPI.GetAPITest" tests="1" failures="0" timestamp="24 Aug 2018 17:00:20 GMT" time="4.870" errors="0">
  <testcase name="getAPITest" time="4.870" classname="com.qa.test.RestAPI.GetAPITest"/>
</testsuite> <!-- com.qa.test.RestAPI.GetAPITest -->
